The system is: Linux - 4.4.0-19041-Microsoft - x86_64
Compiling the C compiler identification source file "CMakeCCompilerId.c" succeeded.
Compiler: /usr/bin/cc 
Build flags: 
Id flags:  

The output was:
0


Compilation of the C compiler identification source "CMakeCCompilerId.c" produced "a.out"

The C compiler identification is GNU, found in "/mnt/c/Users/wmw13/Documents/GitHub/Dissertation/SampleCode/cmake-build-debug/CMakeFiles/3.16.3/CompilerIdC/a.out"

Compiling the CXX compiler identification source file "CMakeCXXCompilerId.cpp" succeeded.
Compiler: /usr/bin/c++ 
Build flags: 
Id flags:  

The output was:
0


Compilation of the CXX compiler identification source "CMakeCXXCompilerId.cpp" produced "a.out"

The CXX compiler identification is GNU, found in "/mnt/c/Users/wmw13/Documents/GitHub/Dissertation/SampleCode/cmake-build-debug/CMakeFiles/3.16.3/CompilerIdCXX/a.out"

Determining if the C compiler works passed with the following output:
Change Dir: /mnt/c/Users/wmw13/Documents/GitHub/Dissertation/SampleCode/cmake-build-debug/CMakeFiles/CMakeTmp

Run Build Command(s):/usr/bin/make cmTC_92775/fast && /usr/bin/make -f CMakeFiles/cmTC_92775.dir/build.make CMakeFiles/cmTC_92775.dir/build
make[1]: Entering directory '/mnt/c/Users/wmw13/Documents/GitHub/Dissertation/SampleCode/cmake-build-debug/CMakeFiles/CMakeTmp'
Building C object CMakeFiles/cmTC_92775.dir/testCCompiler.c.o
/usr/bin/cc    -o CMakeFiles/cmTC_92775.dir/testCCompiler.c.o   -c /mnt/c/Users/wmw13/Documents/GitHub/Dissertation/SampleCode/cmake-build-debug/CMakeFiles/CMakeTmp/testCCompiler.c
Linking C executable cmTC_92775
/usr/bin/cmake -E cmake_link_script CMakeFiles/cmTC_92775.dir/link.txt --verbose=1
/usr/bin/cc      CMakeFiles/cmTC_92775.dir/testCCompiler.c.o  -o cmTC_92775 
make[1]: Leaving directory '/mnt/c/Users/wmw13/Documents/GitHub/Dissertation/SampleCode/cmake-build-debug/CMakeFiles/CMakeTmp'



Determining if the CXX compiler works passed with the following output:
Change Dir: /mnt/c/Users/wmw13/Documents/GitHub/Dissertation/SampleCode/cmake-build-debug/CMakeFiles/CMakeTmp

Run Build Command(s):/usr/bin/make cmTC_d776a/fast && /usr/bin/make -f CMakeFiles/cmTC_d776a.dir/build.make CMakeFiles/cmTC_d776a.dir/build
make[1]: Entering directory '/mnt/c/Users/wmw13/Documents/GitHub/Dissertation/SampleCode/cmake-build-debug/CMakeFiles/CMakeTmp'
Building CXX object CMakeFiles/cmTC_d776a.dir/testCXXCompiler.cxx.o
/usr/bin/c++     -o CMakeFiles/cmTC_d776a.dir/testCXXCompiler.cxx.o -c /mnt/c/Users/wmw13/Documents/GitHub/Dissertation/SampleCode/cmake-build-debug/CMakeFiles/CMakeTmp/testCXXCompiler.cxx
Linking CXX executable cmTC_d776a
/usr/bin/cmake -E cmake_link_script CMakeFiles/cmTC_d776a.dir/link.txt --verbose=1
/usr/bin/c++       CMakeFiles/cmTC_d776a.dir/testCXXCompiler.cxx.o  -o cmTC_d776a 
make[1]: Leaving directory '/mnt/c/Users/wmw13/Documents/GitHub/Dissertation/SampleCode/cmake-build-debug/CMakeFiles/CMakeTmp'



